<?xml version="1.0" encoding="UTF-8"?>
<testsuites>
  <testsuite name="" tests="206" assertions="610" failures="0" errors="0" time="22.521929">
    <testsuite name="Application unit tests" tests="7" assertions="24" failures="0" errors="0" time="0.851267">
      <testsuite name="Application\Controller\AuthControllerTest" file="/var/www/ora/module/Application/test/unit/Application/Controller/AuthControllerTest.php" tests="3" assertions="5" failures="0" errors="0" time="0.365810">
        <testcase name="testLogin" class="Application\Controller\AuthControllerTest" file="/var/www/ora/module/Application/test/unit/Application/Controller/AuthControllerTest.php" line="84" assertions="3" time="0.209051"/>
        <testcase name="testLoginWithInvalidProvider" class="Application\Controller\AuthControllerTest" file="/var/www/ora/module/Application/test/unit/Application/Controller/AuthControllerTest.php" line="104" assertions="1" time="0.074218"/>
        <testcase name="testLoginWithInvalidToken" class="Application\Controller\AuthControllerTest" file="/var/www/ora/module/Application/test/unit/Application/Controller/AuthControllerTest.php" line="116" assertions="1" time="0.082541"/>
      </testsuite>
      <testsuite name="Application\Controller\MembershipsControllerTest" file="/var/www/ora/module/Application/test/unit/Application/Controller/MembershipsControllerTest.php" tests="4" assertions="19" failures="0" errors="0" time="0.485457">
        <testcase name="testGetListAsAnonymous" class="Application\Controller\MembershipsControllerTest" file="/var/www/ora/module/Application/test/unit/Application/Controller/MembershipsControllerTest.php" line="23" assertions="1" time="0.151554"/>
        <testcase name="testGetEmptyList" class="Application\Controller\MembershipsControllerTest" file="/var/www/ora/module/Application/test/unit/Application/Controller/MembershipsControllerTest.php" line="32" assertions="5" time="0.110635"/>
        <testcase name="testGetList" class="Application\Controller\MembershipsControllerTest" file="/var/www/ora/module/Application/test/unit/Application/Controller/MembershipsControllerTest.php" line="54" assertions="6" time="0.112700"/>
        <testcase name="testGetListAsNotMemberOfAnyOrg" class="Application\Controller\MembershipsControllerTest" file="/var/www/ora/module/Application/test/unit/Application/Controller/MembershipsControllerTest.php" line="92" assertions="7" time="0.110568"/>
      </testsuite>
    </testsuite>
    <testsuite name="Task Management unit tests" tests="85" assertions="243" failures="0" errors="0" time="9.315838">
      <testsuite name="TaskManagement\Controller\AddEstimationRemindersControllerTest" file="/var/www/ora/module/TaskManagement/test/unit/TaskManagement/Controller/AddEstimationRemindersControllerTest.php" tests="6" assertions="9" failures="0" errors="0" time="0.743129">
        <testcase name="testSendReminderAsAnonymous" class="TaskManagement\Controller\AddEstimationRemindersControllerTest" file="/var/www/ora/module/TaskManagement/test/unit/TaskManagement/Controller/AddEstimationRemindersControllerTest.php" line="70" assertions="1" time="0.240226"/>
        <testcase name="testCreateWithoutReminderType" class="TaskManagement\Controller\AddEstimationRemindersControllerTest" file="/var/www/ora/module/TaskManagement/test/unit/TaskManagement/Controller/AddEstimationRemindersControllerTest.php" line="83" assertions="2" time="0.098414"/>
        <testcase name="testCreateWithWrongReminderType" class="TaskManagement\Controller\AddEstimationRemindersControllerTest" file="/var/www/ora/module/TaskManagement/test/unit/TaskManagement/Controller/AddEstimationRemindersControllerTest.php" line="100" assertions="2" time="0.101602"/>
        <testcase name="testSendReminderNoTask" class="TaskManagement\Controller\AddEstimationRemindersControllerTest" file="/var/www/ora/module/TaskManagement/test/unit/TaskManagement/Controller/AddEstimationRemindersControllerTest.php" line="118" assertions="1" time="0.105933"/>
        <testcase name="testSendReminderNotExistingTask" class="TaskManagement\Controller\AddEstimationRemindersControllerTest" file="/var/www/ora/module/TaskManagement/test/unit/TaskManagement/Controller/AddEstimationRemindersControllerTest.php" line="130" assertions="1" time="0.093585"/>
        <testcase name="testSendReminder" class="TaskManagement\Controller\AddEstimationRemindersControllerTest" file="/var/www/ora/module/TaskManagement/test/unit/TaskManagement/Controller/AddEstimationRemindersControllerTest.php" line="146" assertions="2" time="0.103369"/>
      </testsuite>
      <testsuite name="TaskManagement\Controller\AssignmentOfSharesRemindersControllerTest" file="/var/www/ora/module/TaskManagement/test/unit/TaskManagement/Controller/AssignmentOfSharesRemindersControllerTest.php" tests="4" assertions="4" failures="0" errors="0" time="0.399301">
        <testcase name="testCreateAsAnonymous" class="TaskManagement\Controller\AssignmentOfSharesRemindersControllerTest" file="/var/www/ora/module/TaskManagement/test/unit/TaskManagement/Controller/AssignmentOfSharesRemindersControllerTest.php" line="68" assertions="1" time="0.091868"/>
        <testcase name="testCreateAsSystemUser" class="TaskManagement\Controller\AssignmentOfSharesRemindersControllerTest" file="/var/www/ora/module/TaskManagement/test/unit/TaskManagement/Controller/AssignmentOfSharesRemindersControllerTest.php" line="78" assertions="1" time="0.105728"/>
        <testcase name="testCreateANonExistentReminder" class="TaskManagement\Controller\AssignmentOfSharesRemindersControllerTest" file="/var/www/ora/module/TaskManagement/test/unit/TaskManagement/Controller/AssignmentOfSharesRemindersControllerTest.php" line="88" assertions="1" time="0.097557"/>
        <testcase name="testCreateWithoutReminderType" class="TaskManagement\Controller\AssignmentOfSharesRemindersControllerTest" file="/var/www/ora/module/TaskManagement/test/unit/TaskManagement/Controller/AssignmentOfSharesRemindersControllerTest.php" line="98" assertions="1" time="0.104148"/>
      </testsuite>
      <testsuite name="TaskManagement\Controller\MemberStatsControllerTest" file="/var/www/ora/module/TaskManagement/test/unit/TaskManagement/Controller/MemberStatsControllerTest.php" tests="4" assertions="12" failures="0" errors="0" time="0.465210">
        <testcase name="testGetAsAnonymous" class="TaskManagement\Controller\MemberStatsControllerTest" file="/var/www/ora/module/TaskManagement/test/unit/TaskManagement/Controller/MemberStatsControllerTest.php" line="54" assertions="2" time="0.117828"/>
        <testcase name="testGetAsUnauthorizedUser" class="TaskManagement\Controller\MemberStatsControllerTest" file="/var/www/ora/module/TaskManagement/test/unit/TaskManagement/Controller/MemberStatsControllerTest.php" line="65" assertions="2" time="0.115876"/>
        <testcase name="testGetANotExistingMember" class="TaskManagement\Controller\MemberStatsControllerTest" file="/var/www/ora/module/TaskManagement/test/unit/TaskManagement/Controller/MemberStatsControllerTest.php" line="77" assertions="2" time="0.106577"/>
        <testcase name="testGetUserTaskMetrics" class="TaskManagement\Controller\MemberStatsControllerTest" file="/var/www/ora/module/TaskManagement/test/unit/TaskManagement/Controller/MemberStatsControllerTest.php" line="90" assertions="6" time="0.124929"/>
      </testsuite>
      <testsuite name="TaskManagement\Controller\SharesControllerTest" file="/var/www/ora/module/TaskManagement/test/unit/TaskManagement/Controller/SharesControllerTest.php" tests="12" assertions="12" failures="0" errors="0" time="2.267000">
        <testcase name="testAssignSharesAsAnonymous" class="TaskManagement\Controller\SharesControllerTest" file="/var/www/ora/module/TaskManagement/test/unit/TaskManagement/Controller/SharesControllerTest.php" line="74" assertions="1" time="0.225025"/>
        <testcase name="testAssignShares" class="TaskManagement\Controller\SharesControllerTest" file="/var/www/ora/module/TaskManagement/test/unit/TaskManagement/Controller/SharesControllerTest.php" line="100" assertions="1" time="0.220687"/>
        <testcase name="testSkipAssignShares" class="TaskManagement\Controller\SharesControllerTest" file="/var/www/ora/module/TaskManagement/test/unit/TaskManagement/Controller/SharesControllerTest.php" line="120" assertions="1" time="0.179360"/>
        <testcase name="testAssignSharesWithMoreThan100Share" class="TaskManagement\Controller\SharesControllerTest" file="/var/www/ora/module/TaskManagement/test/unit/TaskManagement/Controller/SharesControllerTest.php" line="137" assertions="1" time="0.180057"/>
        <testcase name="testAssignSharesWithLessThan0Share" class="TaskManagement\Controller\SharesControllerTest" file="/var/www/ora/module/TaskManagement/test/unit/TaskManagement/Controller/SharesControllerTest.php" line="157" assertions="1" time="0.171561"/>
        <testcase name="testAssignSharesWithMoreThan100TotalShares" class="TaskManagement\Controller\SharesControllerTest" file="/var/www/ora/module/TaskManagement/test/unit/TaskManagement/Controller/SharesControllerTest.php" line="177" assertions="1" time="0.191949"/>
        <testcase name="testAssignSharesWithUnexistingTask" class="TaskManagement\Controller\SharesControllerTest" file="/var/www/ora/module/TaskManagement/test/unit/TaskManagement/Controller/SharesControllerTest.php" line="197" assertions="1" time="0.177179"/>
        <testcase name="testAssignSharesWithMissingMember" class="TaskManagement\Controller\SharesControllerTest" file="/var/www/ora/module/TaskManagement/test/unit/TaskManagement/Controller/SharesControllerTest.php" line="216" assertions="1" time="0.187661"/>
        <testcase name="testAssignSharesByNonMember" class="TaskManagement\Controller\SharesControllerTest" file="/var/www/ora/module/TaskManagement/test/unit/TaskManagement/Controller/SharesControllerTest.php" line="235" assertions="1" time="0.182313"/>
        <testcase name="testAssignSharesToACompletedTask" class="TaskManagement\Controller\SharesControllerTest" file="/var/www/ora/module/TaskManagement/test/unit/TaskManagement/Controller/SharesControllerTest.php" line="257" assertions="1" time="0.179621"/>
        <testcase name="testAssignSharesToANonMembers" class="TaskManagement\Controller\SharesControllerTest" file="/var/www/ora/module/TaskManagement/test/unit/TaskManagement/Controller/SharesControllerTest.php" line="276" assertions="1" time="0.186657"/>
        <testcase name="testAssignSharesToANonMembersExtraShares" class="TaskManagement\Controller\SharesControllerTest" file="/var/www/ora/module/TaskManagement/test/unit/TaskManagement/Controller/SharesControllerTest.php" line="297" assertions="1" time="0.184929"/>
      </testsuite>
      <testsuite name="TaskManagement\Controller\StreamsControllerTest" file="/var/www/ora/module/TaskManagement/test/unit/TaskManagement/Controller/StreamsControllerTest.php" tests="7" assertions="21" failures="0" errors="0" time="0.857179">
        <testcase name="testCreateStream" class="TaskManagement\Controller\StreamsControllerTest" file="/var/www/ora/module/TaskManagement/test/unit/TaskManagement/Controller/StreamsControllerTest.php" line="43" assertions="4" time="0.201063"/>
        <testcase name="testCreateStreamWithHtmlTagsInSubject" class="TaskManagement\Controller\StreamsControllerTest" file="/var/www/ora/module/TaskManagement/test/unit/TaskManagement/Controller/StreamsControllerTest.php" line="78" assertions="4" time="0.154344"/>
        <testcase name="testCreateStreamInNotExistingOrganization" class="TaskManagement\Controller\StreamsControllerTest" file="/var/www/ora/module/TaskManagement/test/unit/TaskManagement/Controller/StreamsControllerTest.php" line="114" assertions="2" time="0.090708"/>
        <testcase name="testCreateStreamWithoutOrganization" class="TaskManagement\Controller\StreamsControllerTest" file="/var/www/ora/module/TaskManagement/test/unit/TaskManagement/Controller/StreamsControllerTest.php" line="133" assertions="1" time="0.087014"/>
        <testcase name="testCreateStreamAsAnonymous" class="TaskManagement\Controller\StreamsControllerTest" file="/var/www/ora/module/TaskManagement/test/unit/TaskManagement/Controller/StreamsControllerTest.php" line="144" assertions="2" time="0.100826"/>
        <testcase name="testGetList" class="TaskManagement\Controller\StreamsControllerTest" file="/var/www/ora/module/TaskManagement/test/unit/TaskManagement/Controller/StreamsControllerTest.php" line="163" assertions="2" time="0.112732"/>
        <testcase name="testGetEmptyList" class="TaskManagement\Controller\StreamsControllerTest" file="/var/www/ora/module/TaskManagement/test/unit/TaskManagement/Controller/StreamsControllerTest.php" line="182" assertions="6" time="0.110492"/>
      </testsuite>
      <testsuite name="TaskManagement\Controller\TasksControllerTest" file="/var/www/ora/module/TaskManagement/test/unit/TaskManagement/Controller/TasksControllerTest.php" tests="14" assertions="94" failures="0" errors="0" time="2.685798">
        <testcase name="testGetEmptyListFromAStream" class="TaskManagement\Controller\TasksControllerTest" file="/var/www/ora/module/TaskManagement/test/unit/TaskManagement/Controller/TasksControllerTest.php" line="54" assertions="8" time="0.197508"/>
        <testcase name="testGetListFromPopulatedStream" class="TaskManagement\Controller\TasksControllerTest" file="/var/www/ora/module/TaskManagement/test/unit/TaskManagement/Controller/TasksControllerTest.php" line="94" assertions="8" time="0.261652"/>
        <testcase name="testGetListAsAnonymous" class="TaskManagement\Controller\TasksControllerTest" file="/var/www/ora/module/TaskManagement/test/unit/TaskManagement/Controller/TasksControllerTest.php" line="136" assertions="2" time="0.111714"/>
        <testcase name="testGetListWithoutOrganizationId" class="TaskManagement\Controller\TasksControllerTest" file="/var/www/ora/module/TaskManagement/test/unit/TaskManagement/Controller/TasksControllerTest.php" line="155" assertions="1" time="0.100367"/>
        <testcase name="testGetListWithNotExistingOrganizationId" class="TaskManagement\Controller\TasksControllerTest" file="/var/www/ora/module/TaskManagement/test/unit/TaskManagement/Controller/TasksControllerTest.php" line="166" assertions="2" time="0.094896"/>
        <testcase name="testGetListWithNotAllowedOrganizationId" class="TaskManagement\Controller\TasksControllerTest" file="/var/www/ora/module/TaskManagement/test/unit/TaskManagement/Controller/TasksControllerTest.php" line="185" assertions="2" time="0.116418"/>
        <testcase name="testGetEmptyList" class="TaskManagement\Controller\TasksControllerTest" file="/var/www/ora/module/TaskManagement/test/unit/TaskManagement/Controller/TasksControllerTest.php" line="203" assertions="8" time="0.135200"/>
        <testcase name="testGetList" class="TaskManagement\Controller\TasksControllerTest" file="/var/www/ora/module/TaskManagement/test/unit/TaskManagement/Controller/TasksControllerTest.php" line="239" assertions="18" time="0.240881"/>
        <testcase name="testGetListWithPagination" class="TaskManagement\Controller\TasksControllerTest" file="/var/www/ora/module/TaskManagement/test/unit/TaskManagement/Controller/TasksControllerTest.php" line="297" assertions="8" time="0.267279"/>
        <testcase name="testGetListWithDateInterval" class="TaskManagement\Controller\TasksControllerTest" file="/var/www/ora/module/TaskManagement/test/unit/TaskManagement/Controller/TasksControllerTest.php" line="354" assertions="8" time="0.386978"/>
        <testcase name="testGetEmptyListWithWrongFilter" class="TaskManagement\Controller\TasksControllerTest" file="/var/www/ora/module/TaskManagement/test/unit/TaskManagement/Controller/TasksControllerTest.php" line="420" assertions="7" time="0.127546"/>
        <testcase name="testGetEmptyListWithFiltering" class="TaskManagement\Controller\TasksControllerTest" file="/var/www/ora/module/TaskManagement/test/unit/TaskManagement/Controller/TasksControllerTest.php" line="447" assertions="8" time="0.137638"/>
        <testcase name="testGetListWithFiltering" class="TaskManagement\Controller\TasksControllerTest" file="/var/www/ora/module/TaskManagement/test/unit/TaskManagement/Controller/TasksControllerTest.php" line="485" assertions="10" time="0.356018"/>
        <testcase name="testSuccessfullyDeleteTask" class="TaskManagement\Controller\TasksControllerTest" file="/var/www/ora/module/TaskManagement/test/unit/TaskManagement/Controller/TasksControllerTest.php" line="547" assertions="4" time="0.151703"/>
      </testsuite>
      <testsuite name="TaskManagement\Controller\VotingResultsControllerTest" file="/var/www/ora/module/TaskManagement/test/unit/TaskManagement/Controller/VotingResultsControllerTest.php" tests="1" assertions="2" failures="0" errors="0" time="0.173731">
        <testcase name="testTimeboxedCompletedWorkItemApproval" class="TaskManagement\Controller\VotingResultsControllerTest" file="/var/www/ora/module/TaskManagement/test/unit/TaskManagement/Controller/VotingResultsControllerTest.php" line="68" assertions="2" time="0.173731"/>
      </testsuite>
      <testsuite name="TaskManagement\JsonPropertiesTest" file="/var/www/ora/module/TaskManagement/test/unit/TaskManagement/JsonPropertiesTest.php" tests="1" assertions="1" failures="0" errors="0" time="0.005725">
        <testcase name="testParseJson" class="TaskManagement\JsonPropertiesTest" file="/var/www/ora/module/TaskManagement/test/unit/TaskManagement/JsonPropertiesTest.php" line="73" assertions="1" time="0.005725"/>
      </testsuite>
      <testsuite name="TaskManagement\Service\EventSourcingStreamServiceTest" file="/var/www/ora/module/TaskManagement/test/unit/TaskManagement/Service/EventSourcingStreamServiceTest.php" tests="1" assertions="3" failures="0" errors="0" time="0.092378">
        <testcase name="testCreate" class="TaskManagement\Service\EventSourcingStreamServiceTest" file="/var/www/ora/module/TaskManagement/test/unit/TaskManagement/Service/EventSourcingStreamServiceTest.php" line="34" assertions="3" time="0.092378"/>
      </testsuite>
      <testsuite name="TaskManagement\Service\NotifyMailListenerTest" file="/var/www/ora/module/TaskManagement/test/unit/TaskManagement/Service/NotifyMailListenerTest.php" tests="6" assertions="6" failures="0" errors="0" time="0.376569">
        <testcase name="testSendEstimationAddedInfoMail" class="TaskManagement\Service\NotifyMailListenerTest" file="/var/www/ora/module/TaskManagement/test/unit/TaskManagement/Service/NotifyMailListenerTest.php" line="83" assertions="1" time="0.101274"/>
        <testcase name="testSendSharesAssignedInfoMail" class="TaskManagement\Service\NotifyMailListenerTest" file="/var/www/ora/module/TaskManagement/test/unit/TaskManagement/Service/NotifyMailListenerTest.php" line="96" assertions="1" time="0.040506"/>
        <testcase name="testRemindAssignmentOfShares" class="TaskManagement\Service\NotifyMailListenerTest" file="/var/www/ora/module/TaskManagement/test/unit/TaskManagement/Service/NotifyMailListenerTest.php" line="109" assertions="1" time="0.057914"/>
        <testcase name="testRemindEstimation" class="TaskManagement\Service\NotifyMailListenerTest" file="/var/www/ora/module/TaskManagement/test/unit/TaskManagement/Service/NotifyMailListenerTest.php" line="129" assertions="1" time="0.059916"/>
        <testcase name="testSendTaskClosedInfoMail" class="TaskManagement\Service\NotifyMailListenerTest" file="/var/www/ora/module/TaskManagement/test/unit/TaskManagement/Service/NotifyMailListenerTest.php" line="149" assertions="1" time="0.057521"/>
        <testcase name="testSendWorkItemIdeaCreatedMail" class="TaskManagement\Service\NotifyMailListenerTest" file="/var/www/ora/module/TaskManagement/test/unit/TaskManagement/Service/NotifyMailListenerTest.php" line="169" assertions="1" time="0.059438"/>
      </testsuite>
      <testsuite name="TaskManagement\StreamTest" file="/var/www/ora/module/TaskManagement/test/unit/TaskManagement/StreamTest.php" tests="4" assertions="8" failures="0" errors="0" time="0.083966">
        <testcase name="testCreate" class="TaskManagement\StreamTest" file="/var/www/ora/module/TaskManagement/test/unit/TaskManagement/StreamTest.php" line="18" assertions="3" time="0.017241"/>
        <testcase name="testCreateWithNoSubject" class="TaskManagement\StreamTest" file="/var/www/ora/module/TaskManagement/test/unit/TaskManagement/StreamTest.php" line="26" assertions="3" time="0.017450"/>
        <testcase name="testSetSubject" class="TaskManagement\StreamTest" file="/var/www/ora/module/TaskManagement/test/unit/TaskManagement/StreamTest.php" line="34" assertions="1" time="0.021006"/>
        <testcase name="testChangeOrganization" class="TaskManagement\StreamTest" file="/var/www/ora/module/TaskManagement/test/unit/TaskManagement/StreamTest.php" line="41" assertions="1" time="0.028269"/>
      </testsuite>
      <testsuite name="TaskManagement\TaskAssignShareTest" file="/var/www/ora/module/TaskManagement/test/unit/TaskManagement/TaskAssignShareTest.php" tests="8" assertions="25" failures="0" errors="0" time="0.486357">
        <testcase name="testAssignShare" class="TaskManagement\TaskAssignShareTest" file="/var/www/ora/module/TaskManagement/test/unit/TaskManagement/TaskAssignShareTest.php" line="59" assertions="3" time="0.054305"/>
        <testcase name="testEveryMemberAssignShares" class="TaskManagement\TaskAssignShareTest" file="/var/www/ora/module/TaskManagement/test/unit/TaskManagement/TaskAssignShareTest.php" line="72" assertions="6" time="0.060903"/>
        <testcase name="testEveryMemberAssign0SharesToAMember" class="TaskManagement\TaskAssignShareTest" file="/var/www/ora/module/TaskManagement/test/unit/TaskManagement/TaskAssignShareTest.php" line="100" assertions="3" time="0.065904"/>
        <testcase name="testEveryMemberAssignSharesWith0" class="TaskManagement\TaskAssignShareTest" file="/var/www/ora/module/TaskManagement/test/unit/TaskManagement/TaskAssignShareTest.php" line="124" assertions="3" time="0.062447"/>
        <testcase name="testOneMemberSkipSharesAssignment" class="TaskManagement\TaskAssignShareTest" file="/var/www/ora/module/TaskManagement/test/unit/TaskManagement/TaskAssignShareTest.php" line="148" assertions="3" time="0.060108"/>
        <testcase name="testAllMembersSkipSharesAssignment" class="TaskManagement\TaskAssignShareTest" file="/var/www/ora/module/TaskManagement/test/unit/TaskManagement/TaskAssignShareTest.php" line="168" assertions="3" time="0.058194"/>
        <testcase name="testLastUserShareAssignement" class="TaskManagement\TaskAssignShareTest" file="/var/www/ora/module/TaskManagement/test/unit/TaskManagement/TaskAssignShareTest.php" line="178" assertions="1" time="0.064394"/>
        <testcase name="testGetMembersCreditsWhenEverybodySkip" class="TaskManagement\TaskAssignShareTest" file="/var/www/ora/module/TaskManagement/test/unit/TaskManagement/TaskAssignShareTest.php" line="196" assertions="3" time="0.060102"/>
      </testsuite>
      <testsuite name="TaskManagement\TaskTest" file="/var/www/ora/module/TaskManagement/test/unit/TaskManagement/TaskTest.php" tests="17" assertions="46" failures="0" errors="0" time="0.679496">
        <testcase name="testCreate" class="TaskManagement\TaskTest" file="/var/www/ora/module/TaskManagement/test/unit/TaskManagement/TaskTest.php" line="51" assertions="4" time="0.033408"/>
        <testcase name="testCreateWithNoSubject" class="TaskManagement\TaskTest" file="/var/www/ora/module/TaskManagement/test/unit/TaskManagement/TaskTest.php" line="59" assertions="5" time="0.036474"/>
        <testcase name="testCreateWorkItemIdea" class="TaskManagement\TaskTest" file="/var/www/ora/module/TaskManagement/test/unit/TaskManagement/TaskTest.php" line="68" assertions="5" time="0.035398"/>
        <testcase name="testDeleteOngoingTask" class="TaskManagement\TaskTest" file="/var/www/ora/module/TaskManagement/test/unit/TaskManagement/TaskTest.php" line="82" assertions="2" time="0.042671"/>
        <testcase name="testDeleteCompletedTask" class="TaskManagement\TaskTest" file="/var/www/ora/module/TaskManagement/test/unit/TaskManagement/TaskTest.php" line="93" assertions="1" time="0.034960"/>
        <testcase name="testAddMember" class="TaskManagement\TaskTest" file="/var/www/ora/module/TaskManagement/test/unit/TaskManagement/TaskTest.php" line="100" assertions="3" time="0.042015"/>
        <testcase name="testAddMembers" class="TaskManagement\TaskTest" file="/var/www/ora/module/TaskManagement/test/unit/TaskManagement/TaskTest.php" line="110" assertions="10" time="0.043876"/>
        <testcase name="testAddAdmin" class="TaskManagement\TaskTest" file="/var/www/ora/module/TaskManagement/test/unit/TaskManagement/TaskTest.php" line="129" assertions="3" time="0.035806"/>
        <testcase name="testAddMemberNotInOrganization" class="TaskManagement\TaskTest" file="/var/www/ora/module/TaskManagement/test/unit/TaskManagement/TaskTest.php" line="142" assertions="1" time="0.039018"/>
        <testcase name="testHasMember" class="TaskManagement\TaskTest" file="/var/www/ora/module/TaskManagement/test/unit/TaskManagement/TaskTest.php" line="148" assertions="1" time="0.034321"/>
        <testcase name="testHasAs" class="TaskManagement\TaskTest" file="/var/www/ora/module/TaskManagement/test/unit/TaskManagement/TaskTest.php" line="154" assertions="1" time="0.035324"/>
        <testcase name="testAddEstimation" class="TaskManagement\TaskTest" file="/var/www/ora/module/TaskManagement/test/unit/TaskManagement/TaskTest.php" line="160" assertions="4" time="0.045280"/>
        <testcase name="testClose" class="TaskManagement\TaskTest" file="/var/www/ora/module/TaskManagement/test/unit/TaskManagement/TaskTest.php" line="179" assertions="1" time="0.048287"/>
        <testcase name="testCompleteWithNoEstimation" class="TaskManagement\TaskTest" file="/var/www/ora/module/TaskManagement/test/unit/TaskManagement/TaskTest.php" line="194" assertions="1" time="0.040334"/>
        <testcase name="testCompleteWithOneEstimation" class="TaskManagement\TaskTest" file="/var/www/ora/module/TaskManagement/test/unit/TaskManagement/TaskTest.php" line="206" assertions="1" time="0.041778"/>
        <testcase name="testCompleteWithThreeEstimation" class="TaskManagement\TaskTest" file="/var/www/ora/module/TaskManagement/test/unit/TaskManagement/TaskTest.php" line="216" assertions="2" time="0.055623"/>
        <testcase name="testExecuteIdeaItem" class="TaskManagement\TaskTest" file="/var/www/ora/module/TaskManagement/test/unit/TaskManagement/TaskTest.php" line="234" assertions="1" time="0.034923"/>
      </testsuite>
    </testsuite>
    <testsuite name="Accounting unit tests" tests="64" assertions="179" failures="0" errors="0" time="8.023992">
      <testsuite name="Accounting\AccountTest" file="/var/www/ora/module/Accounting/test/unit/Accounting/AccountTest.php" tests="8" assertions="12" failures="0" errors="0" time="0.198626">
        <testcase name="testCreate" class="Accounting\AccountTest" file="/var/www/ora/module/Accounting/test/unit/Accounting/AccountTest.php" line="20" assertions="4" time="0.028080"/>
        <testcase name="testAddHolder" class="Accounting\AccountTest" file="/var/www/ora/module/Accounting/test/unit/Accounting/AccountTest.php" line="28" assertions="2" time="0.021263"/>
        <testcase name="testDeposit" class="Accounting\AccountTest" file="/var/www/ora/module/Accounting/test/unit/Accounting/AccountTest.php" line="38" assertions="1" time="0.022255"/>
        <testcase name="testDepositWithNegativeAmount" class="Accounting\AccountTest" file="/var/www/ora/module/Accounting/test/unit/Accounting/AccountTest.php" line="47" assertions="1" time="0.021614"/>
        <testcase name="testTransferIn" class="Accounting\AccountTest" file="/var/www/ora/module/Accounting/test/unit/Accounting/AccountTest.php" line="53" assertions="1" time="0.028808"/>
        <testcase name="testTransferInWithNegativeAmount" class="Accounting\AccountTest" file="/var/www/ora/module/Accounting/test/unit/Accounting/AccountTest.php" line="66" assertions="1" time="0.024060"/>
        <testcase name="testTransferOut" class="Accounting\AccountTest" file="/var/www/ora/module/Accounting/test/unit/Accounting/AccountTest.php" line="76" assertions="1" time="0.028888"/>
        <testcase name="testTransferOuWithNegativeAmount" class="Accounting\AccountTest" file="/var/www/ora/module/Accounting/test/unit/Accounting/AccountTest.php" line="89" assertions="1" time="0.023658"/>
      </testsuite>
      <testsuite name="Accounting\BalanceTest" file="/var/www/ora/module/Accounting/test/unit/Accounting/BalanceTest.php" tests="1" assertions="2" failures="0" errors="0" time="0.003897">
        <testcase name="testBalance" class="Accounting\BalanceTest" file="/var/www/ora/module/Accounting/test/unit/Accounting/BalanceTest.php" line="7" assertions="2" time="0.003897"/>
      </testsuite>
      <testsuite name="Accounting\Controller\AccountsControllerTest" file="/var/www/ora/module/Accounting/test/unit/Accounting/Controller/AccountsControllerTest.php" tests="9" assertions="43" failures="0" errors="0" time="1.207679">
        <testcase name="testGetListAsAnonymous" class="Accounting\Controller\AccountsControllerTest" file="/var/www/ora/module/Accounting/test/unit/Accounting/Controller/AccountsControllerTest.php" line="78" assertions="2" time="0.154250"/>
        <testcase name="testGetListAsOrganizationNotMember" class="Accounting\Controller\AccountsControllerTest" file="/var/www/ora/module/Accounting/test/unit/Accounting/Controller/AccountsControllerTest.php" line="88" assertions="2" time="0.125350"/>
        <testcase name="testGetListWithoutCriteria" class="Accounting\Controller\AccountsControllerTest" file="/var/www/ora/module/Accounting/test/unit/Accounting/Controller/AccountsControllerTest.php" line="98" assertions="2" time="0.116909"/>
        <testcase name="testGetListByEmail" class="Accounting\Controller\AccountsControllerTest" file="/var/www/ora/module/Accounting/test/unit/Accounting/Controller/AccountsControllerTest.php" line="109" assertions="13" time="0.182377"/>
        <testcase name="testGetAsAnonymous" class="Accounting\Controller\AccountsControllerTest" file="/var/www/ora/module/Accounting/test/unit/Accounting/Controller/AccountsControllerTest.php" line="145" assertions="2" time="0.107391"/>
        <testcase name="testGetAsNotAuthorizedUser" class="Accounting\Controller\AccountsControllerTest" file="/var/www/ora/module/Accounting/test/unit/Accounting/Controller/AccountsControllerTest.php" line="157" assertions="3" time="0.128988"/>
        <testcase name="testGetNotExistingAccount" class="Accounting\Controller\AccountsControllerTest" file="/var/www/ora/module/Accounting/test/unit/Accounting/Controller/AccountsControllerTest.php" line="175" assertions="3" time="0.112097"/>
        <testcase name="testGetEmptyAccount" class="Accounting\Controller\AccountsControllerTest" file="/var/www/ora/module/Accounting/test/unit/Accounting/Controller/AccountsControllerTest.php" line="194" assertions="8" time="0.131643"/>
        <testcase name="testGetAccount" class="Accounting\Controller\AccountsControllerTest" file="/var/www/ora/module/Accounting/test/unit/Accounting/Controller/AccountsControllerTest.php" line="230" assertions="8" time="0.148674"/>
      </testsuite>
      <testsuite name="Accounting\Controller\DepositsControllerTest" file="/var/www/ora/module/Accounting/test/unit/Accounting/Controller/DepositsControllerTest.php" tests="7" assertions="9" failures="0" errors="0" time="0.968367">
        <testcase name="testInvoke" class="Accounting\Controller\DepositsControllerTest" file="/var/www/ora/module/Accounting/test/unit/Accounting/Controller/DepositsControllerTest.php" line="55" assertions="2" time="0.172123"/>
        <testcase name="testInvokeWithFloatAmount" class="Accounting\Controller\DepositsControllerTest" file="/var/www/ora/module/Accounting/test/unit/Accounting/Controller/DepositsControllerTest.php" line="71" assertions="2" time="0.150325"/>
        <testcase name="testInvokeAsNotHolder" class="Accounting\Controller\DepositsControllerTest" file="/var/www/ora/module/Accounting/test/unit/Accounting/Controller/DepositsControllerTest.php" line="87" assertions="1" time="0.147520"/>
        <testcase name="testInvokeWith0Amount" class="Accounting\Controller\DepositsControllerTest" file="/var/www/ora/module/Accounting/test/unit/Accounting/Controller/DepositsControllerTest.php" line="101" assertions="1" time="0.124255"/>
        <testcase name="testInvokeWithNoAmount" class="Accounting\Controller\DepositsControllerTest" file="/var/www/ora/module/Accounting/test/unit/Accounting/Controller/DepositsControllerTest.php" line="115" assertions="1" time="0.133678"/>
        <testcase name="testInvokeWithNegativeAmount" class="Accounting\Controller\DepositsControllerTest" file="/var/www/ora/module/Accounting/test/unit/Accounting/Controller/DepositsControllerTest.php" line="129" assertions="1" time="0.122777"/>
        <testcase name="testInvokeAsAnonymous" class="Accounting\Controller\DepositsControllerTest" file="/var/www/ora/module/Accounting/test/unit/Accounting/Controller/DepositsControllerTest.php" line="144" assertions="1" time="0.117689"/>
      </testsuite>
      <testsuite name="Accounting\Controller\IncomingTransfersControllerTest" file="/var/www/ora/module/Accounting/test/unit/Accounting/Controller/IncomingTransfersControllerTest.php" tests="9" assertions="12" failures="0" errors="0" time="1.451265">
        <testcase name="testInvokeAsAnonymous" class="Accounting\Controller\IncomingTransfersControllerTest" file="/var/www/ora/module/Accounting/test/unit/Accounting/Controller/IncomingTransfersControllerTest.php" line="84" assertions="1" time="0.143823"/>
        <testcase name="testInvokeWithNoAmount" class="Accounting\Controller\IncomingTransfersControllerTest" file="/var/www/ora/module/Accounting/test/unit/Accounting/Controller/IncomingTransfersControllerTest.php" line="100" assertions="1" time="0.154571"/>
        <testcase name="testInvokeWithNotANumberAmount" class="Accounting\Controller\IncomingTransfersControllerTest" file="/var/www/ora/module/Accounting/test/unit/Accounting/Controller/IncomingTransfersControllerTest.php" line="116" assertions="1" time="0.164386"/>
        <testcase name="testInvokeWith0Amount" class="Accounting\Controller\IncomingTransfersControllerTest" file="/var/www/ora/module/Accounting/test/unit/Accounting/Controller/IncomingTransfersControllerTest.php" line="133" assertions="1" time="0.153335"/>
        <testcase name="testInvokeWithNegativeAmount" class="Accounting\Controller\IncomingTransfersControllerTest" file="/var/www/ora/module/Accounting/test/unit/Accounting/Controller/IncomingTransfersControllerTest.php" line="150" assertions="1" time="0.165386"/>
        <testcase name="testInvokeWithoutPayee" class="Accounting\Controller\IncomingTransfersControllerTest" file="/var/www/ora/module/Accounting/test/unit/Accounting/Controller/IncomingTransfersControllerTest.php" line="167" assertions="1" time="0.148496"/>
        <testcase name="testInvokeAsAccountNotHolder" class="Accounting\Controller\IncomingTransfersControllerTest" file="/var/www/ora/module/Accounting/test/unit/Accounting/Controller/IncomingTransfersControllerTest.php" line="183" assertions="2" time="0.160385"/>
        <testcase name="testInvokeWithPayeeOfOtherOrganization" class="Accounting\Controller\IncomingTransfersControllerTest" file="/var/www/ora/module/Accounting/test/unit/Accounting/Controller/IncomingTransfersControllerTest.php" line="206" assertions="2" time="0.168409"/>
        <testcase name="testInvoke" class="Accounting\Controller\IncomingTransfersControllerTest" file="/var/www/ora/module/Accounting/test/unit/Accounting/Controller/IncomingTransfersControllerTest.php" line="235" assertions="2" time="0.192474"/>
      </testsuite>
      <testsuite name="Accounting\Controller\OrganizationStatementControllerTest" file="/var/www/ora/module/Accounting/test/unit/Accounting/Controller/OrganizationStatementControllerTest.php" tests="5" assertions="38" failures="0" errors="0" time="0.776954">
        <testcase name="testGetListAsAnonymous" class="Accounting\Controller\OrganizationStatementControllerTest" file="/var/www/ora/module/Accounting/test/unit/Accounting/Controller/OrganizationStatementControllerTest.php" line="63" assertions="1" time="0.128281"/>
        <testcase name="testGetListAsOrganizationNotMember" class="Accounting\Controller\OrganizationStatementControllerTest" file="/var/www/ora/module/Accounting/test/unit/Accounting/Controller/OrganizationStatementControllerTest.php" line="73" assertions="1" time="0.126101"/>
        <testcase name="testGetListAsNotHolder" class="Accounting\Controller\OrganizationStatementControllerTest" file="/var/www/ora/module/Accounting/test/unit/Accounting/Controller/OrganizationStatementControllerTest.php" line="83" assertions="10" time="0.169057"/>
        <testcase name="testGetList" class="Accounting\Controller\OrganizationStatementControllerTest" file="/var/www/ora/module/Accounting/test/unit/Accounting/Controller/OrganizationStatementControllerTest.php" line="112" assertions="12" time="0.180431"/>
        <testcase name="testGetListWithPagination" class="Accounting\Controller\OrganizationStatementControllerTest" file="/var/www/ora/module/Accounting/test/unit/Accounting/Controller/OrganizationStatementControllerTest.php" line="150" assertions="14" time="0.173084"/>
      </testsuite>
      <testsuite name="Accounting\Controller\OutgoingTransfersControllerTest" file="/var/www/ora/module/Accounting/test/unit/Accounting/Controller/OutgoingTransfersControllerTest.php" tests="9" assertions="12" failures="0" errors="0" time="1.495034">
        <testcase name="testInvokeAsAnonymous" class="Accounting\Controller\OutgoingTransfersControllerTest" file="/var/www/ora/module/Accounting/test/unit/Accounting/Controller/OutgoingTransfersControllerTest.php" line="82" assertions="1" time="0.150465"/>
        <testcase name="testInvokeWithNoAmount" class="Accounting\Controller\OutgoingTransfersControllerTest" file="/var/www/ora/module/Accounting/test/unit/Accounting/Controller/OutgoingTransfersControllerTest.php" line="98" assertions="1" time="0.151857"/>
        <testcase name="testInvokeWithNotANumberAmount" class="Accounting\Controller\OutgoingTransfersControllerTest" file="/var/www/ora/module/Accounting/test/unit/Accounting/Controller/OutgoingTransfersControllerTest.php" line="114" assertions="1" time="0.203158"/>
        <testcase name="testInvokeWith0Amount" class="Accounting\Controller\OutgoingTransfersControllerTest" file="/var/www/ora/module/Accounting/test/unit/Accounting/Controller/OutgoingTransfersControllerTest.php" line="131" assertions="1" time="0.160189"/>
        <testcase name="testInvokeWithNegativeAmount" class="Accounting\Controller\OutgoingTransfersControllerTest" file="/var/www/ora/module/Accounting/test/unit/Accounting/Controller/OutgoingTransfersControllerTest.php" line="148" assertions="1" time="0.147223"/>
        <testcase name="testInvokeWithoutPayee" class="Accounting\Controller\OutgoingTransfersControllerTest" file="/var/www/ora/module/Accounting/test/unit/Accounting/Controller/OutgoingTransfersControllerTest.php" line="165" assertions="1" time="0.161288"/>
        <testcase name="testInvokeAsAccountNotHolder" class="Accounting\Controller\OutgoingTransfersControllerTest" file="/var/www/ora/module/Accounting/test/unit/Accounting/Controller/OutgoingTransfersControllerTest.php" line="181" assertions="2" time="0.155764"/>
        <testcase name="testInvokeWithPayeeOfOtherOrganization" class="Accounting\Controller\OutgoingTransfersControllerTest" file="/var/www/ora/module/Accounting/test/unit/Accounting/Controller/OutgoingTransfersControllerTest.php" line="204" assertions="2" time="0.175456"/>
        <testcase name="testInvoke" class="Accounting\Controller\OutgoingTransfersControllerTest" file="/var/www/ora/module/Accounting/test/unit/Accounting/Controller/OutgoingTransfersControllerTest.php" line="233" assertions="2" time="0.189634"/>
      </testsuite>
      <testsuite name="Accounting\Controller\PersonalStatementControllerTest" file="/var/www/ora/module/Accounting/test/unit/Accounting/Controller/PersonalStatementControllerTest.php" tests="5" assertions="31" failures="0" errors="0" time="0.750753">
        <testcase name="testGetListAsAnonymous" class="Accounting\Controller\PersonalStatementControllerTest" file="/var/www/ora/module/Accounting/test/unit/Accounting/Controller/PersonalStatementControllerTest.php" line="59" assertions="1" time="0.117890"/>
        <testcase name="testGetListAsOrganizationNotMember" class="Accounting\Controller\PersonalStatementControllerTest" file="/var/www/ora/module/Accounting/test/unit/Accounting/Controller/PersonalStatementControllerTest.php" line="69" assertions="2" time="0.139453"/>
        <testcase name="testGetListAsNotHolder" class="Accounting\Controller\PersonalStatementControllerTest" file="/var/www/ora/module/Accounting/test/unit/Accounting/Controller/PersonalStatementControllerTest.php" line="85" assertions="2" time="0.130563"/>
        <testcase name="testGetList" class="Accounting\Controller\PersonalStatementControllerTest" file="/var/www/ora/module/Accounting/test/unit/Accounting/Controller/PersonalStatementControllerTest.php" line="102" assertions="13" time="0.180525"/>
        <testcase name="testGetListWithPagination" class="Accounting\Controller\PersonalStatementControllerTest" file="/var/www/ora/module/Accounting/test/unit/Accounting/Controller/PersonalStatementControllerTest.php" line="146" assertions="13" time="0.182322"/>
      </testsuite>
      <testsuite name="Accounting\Controller\WithdrawalControllerTest" file="/var/www/ora/module/Accounting/test/unit/Accounting/Controller/WithdrawalControllerTest.php" tests="7" assertions="9" failures="0" errors="0" time="0.986293">
        <testcase name="testInvoke" class="Accounting\Controller\WithdrawalControllerTest" file="/var/www/ora/module/Accounting/test/unit/Accounting/Controller/WithdrawalControllerTest.php" line="55" assertions="2" time="0.163830"/>
        <testcase name="testInvokeWithFloatAmount" class="Accounting\Controller\WithdrawalControllerTest" file="/var/www/ora/module/Accounting/test/unit/Accounting/Controller/WithdrawalControllerTest.php" line="71" assertions="2" time="0.169817"/>
        <testcase name="testInvokeAsNotHolder" class="Accounting\Controller\WithdrawalControllerTest" file="/var/www/ora/module/Accounting/test/unit/Accounting/Controller/WithdrawalControllerTest.php" line="87" assertions="1" time="0.136387"/>
        <testcase name="testInvokeWith0Amount" class="Accounting\Controller\WithdrawalControllerTest" file="/var/www/ora/module/Accounting/test/unit/Accounting/Controller/WithdrawalControllerTest.php" line="101" assertions="1" time="0.130490"/>
        <testcase name="testInvokeWithNoAmount" class="Accounting\Controller\WithdrawalControllerTest" file="/var/www/ora/module/Accounting/test/unit/Accounting/Controller/WithdrawalControllerTest.php" line="115" assertions="1" time="0.136076"/>
        <testcase name="testInvokeWithNegativeAmount" class="Accounting\Controller\WithdrawalControllerTest" file="/var/www/ora/module/Accounting/test/unit/Accounting/Controller/WithdrawalControllerTest.php" line="129" assertions="1" time="0.130896"/>
        <testcase name="testInvokeAsAnonymous" class="Accounting\Controller\WithdrawalControllerTest" file="/var/www/ora/module/Accounting/test/unit/Accounting/Controller/WithdrawalControllerTest.php" line="144" assertions="1" time="0.118797"/>
      </testsuite>
      <testsuite name="Accounting\OrganizationAccountTest" file="/var/www/ora/module/Accounting/test/unit/Accounting/OrganizationAccountTest.php" tests="1" assertions="5" failures="0" errors="0" time="0.023692">
        <testcase name="testCreate" class="Accounting\OrganizationAccountTest" file="/var/www/ora/module/Accounting/test/unit/Accounting/OrganizationAccountTest.php" line="20" assertions="5" time="0.023692"/>
      </testsuite>
      <testsuite name="Accounting\Service\EventSourcingAccountServiceTest" file="/var/www/ora/module/Accounting/test/unit/Accounting/Service/EventSourcingAccountServiceTest.php" tests="3" assertions="6" failures="0" errors="0" time="0.161431">
        <testcase name="testCreatePersonalAccount" class="Accounting\Service\EventSourcingAccountServiceTest" file="/var/www/ora/module/Accounting/test/unit/Accounting/Service/EventSourcingAccountServiceTest.php" line="34" assertions="2" time="0.053601"/>
        <testcase name="testCreateOrganizationAccount" class="Accounting\Service\EventSourcingAccountServiceTest" file="/var/www/ora/module/Accounting/test/unit/Accounting/Service/EventSourcingAccountServiceTest.php" line="40" assertions="3" time="0.047160"/>
        <testcase name="testDeposit" class="Accounting\Service\EventSourcingAccountServiceTest" file="/var/www/ora/module/Accounting/test/unit/Accounting/Service/EventSourcingAccountServiceTest.php" line="49" assertions="1" time="0.060670"/>
      </testsuite>
    </testsuite>
    <testsuite name="People unit tests" tests="37" assertions="106" failures="0" errors="0" time="3.025104">
      <testsuite name="People\Controller\MembersControllerTest" file="/var/www/ora/module/People/test/unit/People/Controller/MembersControllerTest.php" tests="15" assertions="64" failures="0" errors="0" time="2.013520">
        <testcase name="testGetListAsAnonymous" class="People\Controller\MembersControllerTest" file="/var/www/ora/module/People/test/unit/People/Controller/MembersControllerTest.php" line="59" assertions="2" time="0.126131"/>
        <testcase name="testGetListWithNotAllowedUser" class="People\Controller\MembersControllerTest" file="/var/www/ora/module/People/test/unit/People/Controller/MembersControllerTest.php" line="69" assertions="2" time="0.129067"/>
        <testcase name="testGetEmptyList" class="People\Controller\MembersControllerTest" file="/var/www/ora/module/People/test/unit/People/Controller/MembersControllerTest.php" line="79" assertions="8" time="0.150687"/>
        <testcase name="testGetCompleteList" class="People\Controller\MembersControllerTest" file="/var/www/ora/module/People/test/unit/People/Controller/MembersControllerTest.php" line="104" assertions="11" time="0.171624"/>
        <testcase name="testGetIncompleteList" class="People\Controller\MembersControllerTest" file="/var/www/ora/module/People/test/unit/People/Controller/MembersControllerTest.php" line="143" assertions="10" time="0.166158"/>
        <testcase name="testCreateAsAnonymous" class="People\Controller\MembersControllerTest" file="/var/www/ora/module/People/test/unit/People/Controller/MembersControllerTest.php" line="181" assertions="2" time="0.111819"/>
        <testcase name="testCreateAnAlreadyMember" class="People\Controller\MembersControllerTest" file="/var/www/ora/module/People/test/unit/People/Controller/MembersControllerTest.php" line="193" assertions="2" time="0.137471"/>
        <testcase name="testCreate" class="People\Controller\MembersControllerTest" file="/var/www/ora/module/People/test/unit/People/Controller/MembersControllerTest.php" line="212" assertions="3" time="0.140522"/>
        <testcase name="testDeleteAsAnonymous" class="People\Controller\MembersControllerTest" file="/var/www/ora/module/People/test/unit/People/Controller/MembersControllerTest.php" line="234" assertions="2" time="0.116970"/>
        <testcase name="testDeleteNotAMember" class="People\Controller\MembersControllerTest" file="/var/www/ora/module/People/test/unit/People/Controller/MembersControllerTest.php" line="246" assertions="2" time="0.148441"/>
        <testcase name="testDeleteOrganizationMember" class="People\Controller\MembersControllerTest" file="/var/www/ora/module/People/test/unit/People/Controller/MembersControllerTest.php" line="265" assertions="3" time="0.134088"/>
        <testcase name="testGetAsAnonymous" class="People\Controller\MembersControllerTest" file="/var/www/ora/module/People/test/unit/People/Controller/MembersControllerTest.php" line="285" assertions="2" time="0.108744"/>
        <testcase name="testGetANotExistingMember" class="People\Controller\MembersControllerTest" file="/var/www/ora/module/People/test/unit/People/Controller/MembersControllerTest.php" line="296" assertions="3" time="0.114456"/>
        <testcase name="testGetAsNotAuthorizedUser" class="People\Controller\MembersControllerTest" file="/var/www/ora/module/People/test/unit/People/Controller/MembersControllerTest.php" line="312" assertions="3" time="0.126761"/>
        <testcase name="testGet" class="People\Controller\MembersControllerTest" file="/var/www/ora/module/People/test/unit/People/Controller/MembersControllerTest.php" line="329" assertions="9" time="0.130581"/>
      </testsuite>
      <testsuite name="People\Controller\OrganizationsControllerTest" file="/var/www/ora/module/People/test/unit/People/Controller/OrganizationsControllerTest.php" tests="6" assertions="10" failures="0" errors="0" time="0.709351">
        <testcase name="testCreate" class="People\Controller\OrganizationsControllerTest" file="/var/www/ora/module/People/test/unit/People/Controller/OrganizationsControllerTest.php" line="31" assertions="2" time="0.129098"/>
        <testcase name="testCreateWithoutName" class="People\Controller\OrganizationsControllerTest" file="/var/www/ora/module/People/test/unit/People/Controller/OrganizationsControllerTest.php" line="50" assertions="2" time="0.136025"/>
        <testcase name="testCreateWithHtmlTagName" class="People\Controller\OrganizationsControllerTest" file="/var/www/ora/module/People/test/unit/People/Controller/OrganizationsControllerTest.php" line="66" assertions="3" time="0.128363"/>
        <testcase name="testCreateAsAnonymous" class="People\Controller\OrganizationsControllerTest" file="/var/www/ora/module/People/test/unit/People/Controller/OrganizationsControllerTest.php" line="87" assertions="1" time="0.101595"/>
        <testcase name="testGetListAsAnonymous" class="People\Controller\OrganizationsControllerTest" file="/var/www/ora/module/People/test/unit/People/Controller/OrganizationsControllerTest.php" line="100" assertions="1" time="0.107784"/>
        <testcase name="testGetEmptyList" class="People\Controller\OrganizationsControllerTest" file="/var/www/ora/module/People/test/unit/People/Controller/OrganizationsControllerTest.php" line="109" assertions="1" time="0.106486"/>
      </testsuite>
      <testsuite name="People\OrganizationTest" file="/var/www/ora/module/People/test/unit/People/OrganizationTest.php" tests="14" assertions="28" failures="0" errors="0" time="0.217150">
        <testcase name="testCreate" class="People\OrganizationTest" file="/var/www/ora/module/People/test/unit/People/OrganizationTest.php" line="15" assertions="5" time="0.014718"/>
        <testcase name="testCreateWithoutName" class="People\OrganizationTest" file="/var/www/ora/module/People/test/unit/People/OrganizationTest.php" line="25" assertions="5" time="0.013883"/>
        <testcase name="testSetName" class="People\OrganizationTest" file="/var/www/ora/module/People/test/unit/People/OrganizationTest.php" line="35" assertions="1" time="0.012900"/>
        <testcase name="testChangeAccount" class="People\OrganizationTest" file="/var/www/ora/module/People/test/unit/People/OrganizationTest.php" line="42" assertions="1" time="0.020793"/>
        <testcase name="testAddContributor" class="People\OrganizationTest" file="/var/www/ora/module/People/test/unit/People/OrganizationTest.php" line="49" assertions="2" time="0.016592"/>
        <testcase name="testAddMember" class="People\OrganizationTest" file="/var/www/ora/module/People/test/unit/People/OrganizationTest.php" line="58" assertions="2" time="0.014425"/>
        <testcase name="testAddMemberAsAdmin" class="People\OrganizationTest" file="/var/www/ora/module/People/test/unit/People/OrganizationTest.php" line="67" assertions="2" time="0.015297"/>
        <testcase name="testPromoteContributorToMember" class="People\OrganizationTest" file="/var/www/ora/module/People/test/unit/People/OrganizationTest.php" line="76" assertions="2" time="0.020270"/>
        <testcase name="testReaddMember" class="People\OrganizationTest" file="/var/www/ora/module/People/test/unit/People/OrganizationTest.php" line="89" assertions="1" time="0.012095"/>
        <testcase name="testRemoveMember" class="People\OrganizationTest" file="/var/www/ora/module/People/test/unit/People/OrganizationTest.php" line="94" assertions="1" time="0.016364"/>
        <testcase name="testRemoveANonMember" class="People\OrganizationTest" file="/var/www/ora/module/People/test/unit/People/OrganizationTest.php" line="106" assertions="1" time="0.013016"/>
        <testcase name="testGetAdminsAfterCreation" class="People\OrganizationTest" file="/var/www/ora/module/People/test/unit/People/OrganizationTest.php" line="112" assertions="1" time="0.012197"/>
        <testcase name="testGetAdminsAfterMemberAdded" class="People\OrganizationTest" file="/var/www/ora/module/People/test/unit/People/OrganizationTest.php" line="117" assertions="2" time="0.016603"/>
        <testcase name="testGetAdminsAfterAdminAdded" class="People\OrganizationTest" file="/var/www/ora/module/People/test/unit/People/OrganizationTest.php" line="125" assertions="2" time="0.017996"/>
      </testsuite>
      <testsuite name="People\Service\EventSourcingOrganizationServiceTest" file="/var/www/ora/module/People/test/unit/People/Service/EventSourcingOrganizationServiceTest.php" tests="2" assertions="4" failures="0" errors="0" time="0.085083">
        <testcase name="testCreateOrganization" class="People\Service\EventSourcingOrganizationServiceTest" file="/var/www/ora/module/People/test/unit/People/Service/EventSourcingOrganizationServiceTest.php" line="32" assertions="2" time="0.044826"/>
        <testcase name="testCreateOrganizationWithoutName" class="People\Service\EventSourcingOrganizationServiceTest" file="/var/www/ora/module/People/test/unit/People/Service/EventSourcingOrganizationServiceTest.php" line="39" assertions="2" time="0.040257"/>
      </testsuite>
    </testsuite>
    <testsuite name="Kanbanize unit tests" tests="5" assertions="24" failures="0" errors="0" time="0.780444">
      <testsuite name="Kanbanize\Controller\ImportControllerTest" file="/var/www/ora/module/Kanbanize/test/unit/Kanbanize/Controller/ImportControllerTest.php" tests="3" assertions="14" failures="0" errors="0" time="0.480616">
        <testcase name="testImportAsAnonymous" class="Kanbanize\Controller\ImportControllerTest" file="/var/www/ora/module/Kanbanize/test/unit/Kanbanize/Controller/ImportControllerTest.php" line="52" assertions="2" time="0.171596"/>
        <testcase name="testImportWithNotAllowedUser" class="Kanbanize\Controller\ImportControllerTest" file="/var/www/ora/module/Kanbanize/test/unit/Kanbanize/Controller/ImportControllerTest.php" line="68" assertions="2" time="0.122137"/>
        <testcase name="testImportSuccess" class="Kanbanize\Controller\ImportControllerTest" file="/var/www/ora/module/Kanbanize/test/unit/Kanbanize/Controller/ImportControllerTest.php" line="84" assertions="10" time="0.186883"/>
      </testsuite>
      <testsuite name="Kanbanize\Controller\SettingsControllerTest" file="/var/www/ora/module/Kanbanize/test/unit/Kanbanize/Controller/SettingsControllerTest.php" tests="2" assertions="10" failures="0" errors="0" time="0.299828">
        <testcase name="testKanbanizeFailsForWrongApiKey" class="Kanbanize\Controller\SettingsControllerTest" file="/var/www/ora/module/Kanbanize/test/unit/Kanbanize/Controller/SettingsControllerTest.php" line="36" assertions="5" time="0.147169"/>
        <testcase name="testKanbanizeFailsForWrongAccountSubdomain" class="Kanbanize\Controller\SettingsControllerTest" file="/var/www/ora/module/Kanbanize/test/unit/Kanbanize/Controller/SettingsControllerTest.php" line="65" assertions="5" time="0.152659"/>
      </testsuite>
      <testsuite name="Kanbanize\Service\ImporterTest" file="/var/www/ora/module/Kanbanize/test/unit/Kanbanize/Service/ImporterTest.php" tests="0" assertions="0" failures="0" errors="0" time="0.000000"/>
    </testsuite>
    <testsuite name="ZFX unit tests" tests="5" assertions="11" failures="0" errors="0" time="0.119424">
      <testsuite name="ZFX\Authentication\JWTAdapterTest" file="/var/www/ora/module/ZFX/test/ZFX/Authentication/JWTAdapterTest.php" tests="4" assertions="8" failures="0" errors="0" time="0.108920">
        <testcase name="testAuthenticate" class="ZFX\Authentication\JWTAdapterTest" file="/var/www/ora/module/ZFX/test/ZFX/Authentication/JWTAdapterTest.php" line="81" assertions="2" time="0.056516"/>
        <testcase name="testAuthenticateWithExpiredToken" class="ZFX\Authentication\JWTAdapterTest" file="/var/www/ora/module/ZFX/test/ZFX/Authentication/JWTAdapterTest.php" line="98" assertions="2" time="0.015966"/>
        <testcase name="testAuthenticateWithNotExistingIdentity" class="ZFX\Authentication\JWTAdapterTest" file="/var/www/ora/module/ZFX/test/ZFX/Authentication/JWTAdapterTest.php" line="121" assertions="2" time="0.022328"/>
        <testcase name="testParseCorruptedToken" class="ZFX\Authentication\JWTAdapterTest" file="/var/www/ora/module/ZFX/test/ZFX/Authentication/JWTAdapterTest.php" line="137" assertions="2" time="0.014110"/>
      </testsuite>
      <testsuite name="Application\Authentication\JWTBuilderTest" file="/var/www/ora/module/ZFX/test/ZFX/Authentication/JWTBuilderTest.php" tests="1" assertions="3" failures="0" errors="0" time="0.010504">
        <testcase name="testBuildJWT" class="Application\Authentication\JWTBuilderTest" file="/var/www/ora/module/ZFX/test/ZFX/Authentication/JWTBuilderTest.php" line="66" assertions="3" time="0.010504"/>
      </testsuite>
    </testsuite>
    <testsuite name="Flow Management unit tests" tests="3" assertions="23" failures="0" errors="0" time="0.405860">
      <testsuite name="FlowManagement\Controller\CardControllerTest" file="/var/www/ora/module/FlowManagement/test/unit/FlowManagement/Controller/CardControllerTest.php" tests="3" assertions="23" failures="0" errors="0" time="0.405860">
        <testcase name="testGetEmptyListFromFlow" class="FlowManagement\Controller\CardControllerTest" file="/var/www/ora/module/FlowManagement/test/unit/FlowManagement/Controller/CardControllerTest.php" line="37" assertions="7" time="0.152639"/>
        <testcase name="testGetListFromFlow" class="FlowManagement\Controller\CardControllerTest" file="/var/www/ora/module/FlowManagement/test/unit/FlowManagement/Controller/CardControllerTest.php" line="60" assertions="15" time="0.149882"/>
        <testcase name="testGetListFromFlowAsAnonymous" class="FlowManagement\Controller\CardControllerTest" file="/var/www/ora/module/FlowManagement/test/unit/FlowManagement/Controller/CardControllerTest.php" line="105" assertions="1" time="0.103339"/>
      </testsuite>
    </testsuite>
  </testsuite>
</testsuites>
